<?xml version="1.0" encoding="UTF-8"?>
<testsuite xmlns:xsi="http://www.w3.org/2001/XMLSchema-instance" xsi:noNamespaceSchemaLocation="https://maven.apache.org/surefire/maven-surefire-plugin/xsd/surefire-test-report-3.0.xsd" version="3.0" name="TestSuite" time="12.83" tests="3" errors="0" skipped="0" failures="0">
  <properties>
    <property name="sun.desktop" value="windows"/>
    <property name="awt.toolkit" value="sun.awt.windows.WToolkit"/>
    <property name="file.encoding.pkg" value="sun.io"/>
    <property name="java.specification.version" value="1.8"/>
    <property name="sun.cpu.isalist" value="amd64"/>
    <property name="sun.jnu.encoding" value="Cp1252"/>
    <property name="java.class.path" value="C:\Workspace\AutomationFramework\OrangeHRMDataDriven\target\test-classes;C:\Workspace\AutomationFramework\OrangeHRMDataDriven\target\classes;C:\Users\saikumar.thaniyappa\.m2\repository\org\seleniumhq\selenium\selenium-java\3.141.59\selenium-java-3.141.59.jar;C:\Users\saikumar.thaniyappa\.m2\repository\org\seleniumhq\selenium\selenium-api\3.141.59\selenium-api-3.141.59.jar;C:\Users\saikumar.thaniyappa\.m2\repository\org\seleniumhq\selenium\selenium-chrome-driver\3.141.59\selenium-chrome-driver-3.141.59.jar;C:\Users\saikumar.thaniyappa\.m2\repository\org\seleniumhq\selenium\selenium-edge-driver\3.141.59\selenium-edge-driver-3.141.59.jar;C:\Users\saikumar.thaniyappa\.m2\repository\org\seleniumhq\selenium\selenium-firefox-driver\3.141.59\selenium-firefox-driver-3.141.59.jar;C:\Users\saikumar.thaniyappa\.m2\repository\org\seleniumhq\selenium\selenium-ie-driver\3.141.59\selenium-ie-driver-3.141.59.jar;C:\Users\saikumar.thaniyappa\.m2\repository\org\seleniumhq\selenium\selenium-opera-driver\3.141.59\selenium-opera-driver-3.141.59.jar;C:\Users\saikumar.thaniyappa\.m2\repository\org\seleniumhq\selenium\selenium-remote-driver\3.141.59\selenium-remote-driver-3.141.59.jar;C:\Users\saikumar.thaniyappa\.m2\repository\org\seleniumhq\selenium\selenium-safari-driver\3.141.59\selenium-safari-driver-3.141.59.jar;C:\Users\saikumar.thaniyappa\.m2\repository\org\seleniumhq\selenium\selenium-support\3.141.59\selenium-support-3.141.59.jar;C:\Users\saikumar.thaniyappa\.m2\repository\net\bytebuddy\byte-buddy\1.8.15\byte-buddy-1.8.15.jar;C:\Users\saikumar.thaniyappa\.m2\repository\org\apache\commons\commons-exec\1.3\commons-exec-1.3.jar;C:\Users\saikumar.thaniyappa\.m2\repository\com\google\guava\guava\25.0-jre\guava-25.0-jre.jar;C:\Users\saikumar.thaniyappa\.m2\repository\com\google\code\findbugs\jsr305\1.3.9\jsr305-1.3.9.jar;C:\Users\saikumar.thaniyappa\.m2\repository\org\checkerframework\checker-compat-qual\2.0.0\checker-compat-qual-2.0.0.jar;C:\Users\saikumar.thaniyappa\.m2\repository\com\google\errorprone\error_prone_annotations\2.1.3\error_prone_annotations-2.1.3.jar;C:\Users\saikumar.thaniyappa\.m2\repository\com\google\j2objc\j2objc-annotations\1.1\j2objc-annotations-1.1.jar;C:\Users\saikumar.thaniyappa\.m2\repository\org\codehaus\mojo\animal-sniffer-annotations\1.14\animal-sniffer-annotations-1.14.jar;C:\Users\saikumar.thaniyappa\.m2\repository\com\squareup\okhttp3\okhttp\3.11.0\okhttp-3.11.0.jar;C:\Users\saikumar.thaniyappa\.m2\repository\com\squareup\okio\okio\1.14.0\okio-1.14.0.jar;C:\Users\saikumar.thaniyappa\.m2\repository\com\relevantcodes\extentreports\2.41.2\extentreports-2.41.2.jar;C:\Users\saikumar.thaniyappa\.m2\repository\org\jsoup\jsoup\1.8.3\jsoup-1.8.3.jar;C:\Users\saikumar.thaniyappa\.m2\repository\org\xerial\sqlite-jdbc\3.8.11.1\sqlite-jdbc-3.8.11.1.jar;C:\Users\saikumar.thaniyappa\.m2\repository\org\freemarker\freemarker\2.3.23\freemarker-2.3.23.jar;C:\Users\saikumar.thaniyappa\.m2\repository\org\mongodb\mongodb-driver\3.0.4\mongodb-driver-3.0.4.jar;C:\Users\saikumar.thaniyappa\.m2\repository\org\mongodb\bson\3.0.4\bson-3.0.4.jar;C:\Users\saikumar.thaniyappa\.m2\repository\org\mongodb\mongodb-driver-core\3.0.4\mongodb-driver-core-3.0.4.jar;C:\Users\saikumar.thaniyappa\.m2\repository\log4j\log4j\1.2.17\log4j-1.2.17.jar;C:\Users\saikumar.thaniyappa\.m2\repository\javax\mail\javax.mail-api\1.6.2\javax.mail-api-1.6.2.jar;C:\Users\saikumar.thaniyappa\.m2\repository\org\uncommons\reportng\1.1.4\reportng-1.1.4.jar;C:\Users\saikumar.thaniyappa\.m2\repository\velocity\velocity\1.4\velocity-1.4.jar;C:\Users\saikumar.thaniyappa\.m2\repository\velocity\velocity-dep\1.4\velocity-dep-1.4.jar;C:\Users\saikumar.thaniyappa\.m2\repository\com\google\inject\guice\4.2.2\guice-4.2.2.jar;C:\Users\saikumar.thaniyappa\.m2\repository\javax\inject\javax.inject\1\javax.inject-1.jar;C:\Users\saikumar.thaniyappa\.m2\repository\aopalliance\aopalliance\1.0\aopalliance-1.0.jar;C:\Users\saikumar.thaniyappa\.m2\repository\org\apache\poi\poi\4.1.0\poi-4.1.0.jar;C:\Users\saikumar.thaniyappa\.m2\repository\commons-codec\commons-codec\1.12\commons-codec-1.12.jar;C:\Users\saikumar.thaniyappa\.m2\repository\org\apache\commons\commons-collections4\4.3\commons-collections4-4.3.jar;C:\Users\saikumar.thaniyappa\.m2\repository\org\apache\commons\commons-math3\3.6.1\commons-math3-3.6.1.jar;C:\Users\saikumar.thaniyappa\.m2\repository\org\apache\poi\poi-ooxml\4.1.0\poi-ooxml-4.1.0.jar;C:\Users\saikumar.thaniyappa\.m2\repository\org\apache\commons\commons-compress\1.18\commons-compress-1.18.jar;C:\Users\saikumar.thaniyappa\.m2\repository\com\github\virtuald\curvesapi\1.06\curvesapi-1.06.jar;C:\Users\saikumar.thaniyappa\.m2\repository\org\apache\poi\poi-ooxml-schemas\4.1.0\poi-ooxml-schemas-4.1.0.jar;C:\Users\saikumar.thaniyappa\.m2\repository\org\apache\xmlbeans\xmlbeans\3.1.0\xmlbeans-3.1.0.jar;C:\Users\saikumar.thaniyappa\.m2\repository\dom4j\dom4j\1.6.1\dom4j-1.6.1.jar;C:\Users\saikumar.thaniyappa\.m2\repository\xml-apis\xml-apis\1.0.b2\xml-apis-1.0.b2.jar;C:\Users\saikumar.thaniyappa\.m2\repository\org\testng\testng\6.14.3\testng-6.14.3.jar;C:\Users\saikumar.thaniyappa\.m2\repository\com\beust\jcommander\1.72\jcommander-1.72.jar;C:\Users\saikumar.thaniyappa\.m2\repository\org\apache-extras\beanshell\bsh\2.0b6\bsh-2.0b6.jar;C:\Users\saikumar.thaniyappa\.m2\repository\commons-io\commons-io\2.6\commons-io-2.6.jar;"/>
    <property name="java.vm.vendor" value="Oracle Corporation"/>
    <property name="sun.arch.data.model" value="64"/>
    <property name="user.variant" value=""/>
    <property name="java.vendor.url" value="http://java.oracle.com/"/>
    <property name="user.timezone" value="Asia/Calcutta"/>
    <property name="java.vm.specification.version" value="1.8"/>
    <property name="os.name" value="Windows 10"/>
    <property name="user.country" value="IN"/>
    <property name="sun.java.launcher" value="SUN_STANDARD"/>
    <property name="sun.boot.library.path" value="C:\Java\jdk1.8\jre\bin"/>
    <property name="sun.java.command" value="C:\Users\saikumar.thaniyappa\AppData\Local\Temp\surefire9067572095506531926\surefirebooter9005952250675832308.jar C:\Users\saikumar.thaniyappa\AppData\Local\Temp\surefire9067572095506531926 2019-10-04T16-55-06_709-jvmRun1 surefire456931889382613631tmp surefire_02770112084680610660tmp"/>
    <property name="surefire.test.class.path" value="C:\Workspace\AutomationFramework\OrangeHRMDataDriven\target\test-classes;C:\Workspace\AutomationFramework\OrangeHRMDataDriven\target\classes;C:\Users\saikumar.thaniyappa\.m2\repository\org\seleniumhq\selenium\selenium-java\3.141.59\selenium-java-3.141.59.jar;C:\Users\saikumar.thaniyappa\.m2\repository\org\seleniumhq\selenium\selenium-api\3.141.59\selenium-api-3.141.59.jar;C:\Users\saikumar.thaniyappa\.m2\repository\org\seleniumhq\selenium\selenium-chrome-driver\3.141.59\selenium-chrome-driver-3.141.59.jar;C:\Users\saikumar.thaniyappa\.m2\repository\org\seleniumhq\selenium\selenium-edge-driver\3.141.59\selenium-edge-driver-3.141.59.jar;C:\Users\saikumar.thaniyappa\.m2\repository\org\seleniumhq\selenium\selenium-firefox-driver\3.141.59\selenium-firefox-driver-3.141.59.jar;C:\Users\saikumar.thaniyappa\.m2\repository\org\seleniumhq\selenium\selenium-ie-driver\3.141.59\selenium-ie-driver-3.141.59.jar;C:\Users\saikumar.thaniyappa\.m2\repository\org\seleniumhq\selenium\selenium-opera-driver\3.141.59\selenium-opera-driver-3.141.59.jar;C:\Users\saikumar.thaniyappa\.m2\repository\org\seleniumhq\selenium\selenium-remote-driver\3.141.59\selenium-remote-driver-3.141.59.jar;C:\Users\saikumar.thaniyappa\.m2\repository\org\seleniumhq\selenium\selenium-safari-driver\3.141.59\selenium-safari-driver-3.141.59.jar;C:\Users\saikumar.thaniyappa\.m2\repository\org\seleniumhq\selenium\selenium-support\3.141.59\selenium-support-3.141.59.jar;C:\Users\saikumar.thaniyappa\.m2\repository\net\bytebuddy\byte-buddy\1.8.15\byte-buddy-1.8.15.jar;C:\Users\saikumar.thaniyappa\.m2\repository\org\apache\commons\commons-exec\1.3\commons-exec-1.3.jar;C:\Users\saikumar.thaniyappa\.m2\repository\com\google\guava\guava\25.0-jre\guava-25.0-jre.jar;C:\Users\saikumar.thaniyappa\.m2\repository\com\google\code\findbugs\jsr305\1.3.9\jsr305-1.3.9.jar;C:\Users\saikumar.thaniyappa\.m2\repository\org\checkerframework\checker-compat-qual\2.0.0\checker-compat-qual-2.0.0.jar;C:\Users\saikumar.thaniyappa\.m2\repository\com\google\errorprone\error_prone_annotations\2.1.3\error_prone_annotations-2.1.3.jar;C:\Users\saikumar.thaniyappa\.m2\repository\com\google\j2objc\j2objc-annotations\1.1\j2objc-annotations-1.1.jar;C:\Users\saikumar.thaniyappa\.m2\repository\org\codehaus\mojo\animal-sniffer-annotations\1.14\animal-sniffer-annotations-1.14.jar;C:\Users\saikumar.thaniyappa\.m2\repository\com\squareup\okhttp3\okhttp\3.11.0\okhttp-3.11.0.jar;C:\Users\saikumar.thaniyappa\.m2\repository\com\squareup\okio\okio\1.14.0\okio-1.14.0.jar;C:\Users\saikumar.thaniyappa\.m2\repository\com\relevantcodes\extentreports\2.41.2\extentreports-2.41.2.jar;C:\Users\saikumar.thaniyappa\.m2\repository\org\jsoup\jsoup\1.8.3\jsoup-1.8.3.jar;C:\Users\saikumar.thaniyappa\.m2\repository\org\xerial\sqlite-jdbc\3.8.11.1\sqlite-jdbc-3.8.11.1.jar;C:\Users\saikumar.thaniyappa\.m2\repository\org\freemarker\freemarker\2.3.23\freemarker-2.3.23.jar;C:\Users\saikumar.thaniyappa\.m2\repository\org\mongodb\mongodb-driver\3.0.4\mongodb-driver-3.0.4.jar;C:\Users\saikumar.thaniyappa\.m2\repository\org\mongodb\bson\3.0.4\bson-3.0.4.jar;C:\Users\saikumar.thaniyappa\.m2\repository\org\mongodb\mongodb-driver-core\3.0.4\mongodb-driver-core-3.0.4.jar;C:\Users\saikumar.thaniyappa\.m2\repository\log4j\log4j\1.2.17\log4j-1.2.17.jar;C:\Users\saikumar.thaniyappa\.m2\repository\javax\mail\javax.mail-api\1.6.2\javax.mail-api-1.6.2.jar;C:\Users\saikumar.thaniyappa\.m2\repository\org\uncommons\reportng\1.1.4\reportng-1.1.4.jar;C:\Users\saikumar.thaniyappa\.m2\repository\velocity\velocity\1.4\velocity-1.4.jar;C:\Users\saikumar.thaniyappa\.m2\repository\velocity\velocity-dep\1.4\velocity-dep-1.4.jar;C:\Users\saikumar.thaniyappa\.m2\repository\com\google\inject\guice\4.2.2\guice-4.2.2.jar;C:\Users\saikumar.thaniyappa\.m2\repository\javax\inject\javax.inject\1\javax.inject-1.jar;C:\Users\saikumar.thaniyappa\.m2\repository\aopalliance\aopalliance\1.0\aopalliance-1.0.jar;C:\Users\saikumar.thaniyappa\.m2\repository\org\apache\poi\poi\4.1.0\poi-4.1.0.jar;C:\Users\saikumar.thaniyappa\.m2\repository\commons-codec\commons-codec\1.12\commons-codec-1.12.jar;C:\Users\saikumar.thaniyappa\.m2\repository\org\apache\commons\commons-collections4\4.3\commons-collections4-4.3.jar;C:\Users\saikumar.thaniyappa\.m2\repository\org\apache\commons\commons-math3\3.6.1\commons-math3-3.6.1.jar;C:\Users\saikumar.thaniyappa\.m2\repository\org\apache\poi\poi-ooxml\4.1.0\poi-ooxml-4.1.0.jar;C:\Users\saikumar.thaniyappa\.m2\repository\org\apache\commons\commons-compress\1.18\commons-compress-1.18.jar;C:\Users\saikumar.thaniyappa\.m2\repository\com\github\virtuald\curvesapi\1.06\curvesapi-1.06.jar;C:\Users\saikumar.thaniyappa\.m2\repository\org\apache\poi\poi-ooxml-schemas\4.1.0\poi-ooxml-schemas-4.1.0.jar;C:\Users\saikumar.thaniyappa\.m2\repository\org\apache\xmlbeans\xmlbeans\3.1.0\xmlbeans-3.1.0.jar;C:\Users\saikumar.thaniyappa\.m2\repository\dom4j\dom4j\1.6.1\dom4j-1.6.1.jar;C:\Users\saikumar.thaniyappa\.m2\repository\xml-apis\xml-apis\1.0.b2\xml-apis-1.0.b2.jar;C:\Users\saikumar.thaniyappa\.m2\repository\org\testng\testng\6.14.3\testng-6.14.3.jar;C:\Users\saikumar.thaniyappa\.m2\repository\com\beust\jcommander\1.72\jcommander-1.72.jar;C:\Users\saikumar.thaniyappa\.m2\repository\org\apache-extras\beanshell\bsh\2.0b6\bsh-2.0b6.jar;C:\Users\saikumar.thaniyappa\.m2\repository\commons-io\commons-io\2.6\commons-io-2.6.jar;"/>
    <property name="sun.cpu.endian" value="little"/>
    <property name="user.home" value="C:\Users\saikumar.thaniyappa"/>
    <property name="user.language" value="en"/>
    <property name="java.specification.vendor" value="Oracle Corporation"/>
    <property name="java.home" value="C:\Java\jdk1.8\jre"/>
    <property name="basedir" value="C:\Workspace\AutomationFramework\OrangeHRMDataDriven"/>
    <property name="file.separator" value="\"/>
    <property name="line.separator" value="&#10;"/>
    <property name="java.vm.specification.vendor" value="Oracle Corporation"/>
    <property name="java.specification.name" value="Java Platform API Specification"/>
    <property name="java.awt.graphicsenv" value="sun.awt.Win32GraphicsEnvironment"/>
    <property name="surefire.real.class.path" value="C:\Users\saikumar.thaniyappa\AppData\Local\Temp\surefire9067572095506531926\surefirebooter9005952250675832308.jar"/>
    <property name="sun.boot.class.path" value="C:\Java\jdk1.8\jre\lib\resources.jar;C:\Java\jdk1.8\jre\lib\rt.jar;C:\Java\jdk1.8\jre\lib\sunrsasign.jar;C:\Java\jdk1.8\jre\lib\jsse.jar;C:\Java\jdk1.8\jre\lib\jce.jar;C:\Java\jdk1.8\jre\lib\charsets.jar;C:\Java\jdk1.8\jre\lib\jfr.jar;C:\Java\jdk1.8\jre\classes"/>
    <property name="user.script" value=""/>
    <property name="sun.management.compiler" value="HotSpot 64-Bit Tiered Compilers"/>
    <property name="java.runtime.version" value="1.8.0_191-b12"/>
    <property name="user.name" value="saikumar.thaniyappa"/>
    <property name="path.separator" value=";"/>
    <property name="os.version" value="10.0"/>
    <property name="java.endorsed.dirs" value="C:\Java\jdk1.8\jre\lib\endorsed"/>
    <property name="java.runtime.name" value="Java(TM) SE Runtime Environment"/>
    <property name="file.encoding" value="Cp1252"/>
    <property name="java.vm.name" value="Java HotSpot(TM) 64-Bit Server VM"/>
    <property name="localRepository" value="C:\Users\saikumar.thaniyappa\.m2\repository"/>
    <property name="java.vendor.url.bug" value="http://bugreport.sun.com/bugreport/"/>
    <property name="java.io.tmpdir" value="C:\Users\SAIKUM~1.THA\AppData\Local\Temp\"/>
    <property name="java.version" value="1.8.0_191"/>
    <property name="user.dir" value="C:\Workspace\AutomationFramework\OrangeHRMDataDriven"/>
    <property name="os.arch" value="amd64"/>
    <property name="java.vm.specification.name" value="Java Virtual Machine Specification"/>
    <property name="java.awt.printerjob" value="sun.awt.windows.WPrinterJob"/>
    <property name="sun.os.patch.level" value=""/>
    <property name="java.library.path" value="C:\Java\jdk1.8\jre\bin;C:\Windows\Sun\Java\bin;C:\Windows\system32;C:\Windows;C:/Program Files/Java/jre1.8.0_221/bin/server;C:/Program Files/Java/jre1.8.0_221/bin;C:/Program Files/Java/jre1.8.0_221/lib/amd64;C:\Program Files (x86)\Common Files\Oracle\Java\javapath;C:\Python\Scripts\;C:\Python\;C:\Program Files (x86)\Intel\Intel(R) Management Engine Components\iCLS\;C:\Program Files\Intel\Intel(R) Management Engine Components\iCLS\;C:\Windows\system32;C:\Windows;C:\Windows\System32\Wbem;C:\Windows\System32\WindowsPowerShell\v1.0\;C:\Windows\System32\OpenSSH\;C:\Program Files (x86)\Intel\Intel(R) Management Engine Components\DAL;C:\Program Files\Intel\Intel(R) Management Engine Components\DAL;C:\Program Files (x86)\Intel\Intel(R) Management Engine Components\IPT;C:\Program Files\Intel\Intel(R) Management Engine Components\IPT;C:\Program Files\TortoiseSVN\bin;C:\Java\jdk1.8\bin;C:\maven3.3.9\bin;C:\Git\cmd;C:\Git\mingw64\bin;C:\Git\usr\bin;C:\android\sdk\platform-tools;C:\android\sdk\tools;C:\nodejs\;C:\ant\bin;C:\Program Files (x86)\Google\Google Apps Sync\;C:\Users\saikumar.thaniyappa\AppData\Local\Microsoft\WindowsApps;&quot;C:\Java\jdk1.8\bin;&quot;;&quot;C:\maven3.3.9\bin;&quot;;;C:\Users\saikumar.thaniyappa\AppData\Local\Programs\Microsoft VS Code\bin;C:\Users\saikumar.thaniyappa\AppData\Roaming\npm;C:\eclipse;;."/>
    <property name="java.vm.info" value="mixed mode"/>
    <property name="java.vendor" value="Oracle Corporation"/>
    <property name="java.vm.version" value="25.191-b12"/>
    <property name="java.ext.dirs" value="C:\Java\jdk1.8\jre\lib\ext;C:\Windows\Sun\Java\lib\ext"/>
    <property name="sun.io.unicode.encoding" value="UnicodeLittle"/>
    <property name="java.class.version" value="52.0"/>
  </properties>
  <testcase name="loginAsAdmin" classname="com.orangehrm.testcases.LoginTest" time="1.689"/>
  <testcase name="addEmployee" classname="com.orangehrm.testcases.PIMAddEmployeeTest" time="2.88"/>
  <testcase name="editEmployee" classname="com.orangehrm.testcases.PIMEditEmployeeTest" time="1.697"/>
</testsuite>