<?xml version="1.0" encoding="UTF-8"?>
<!-- Generated by org.testng.reporters.JUnitReportReporter -->
<testsuite skipped="0" hostname="SVINLP00359" name="com.orangehrm.testcases.PIMEditEmployeeTest" tests="1" failures="0" timestamp="16 Oct 2019 09:57:04 GMT" time="1.712" errors="0">
  <testcase name="editEmployee" time="1.712" classname="com.orangehrm.testcases.PIMEditEmployeeTest"/>
</testsuite> <!-- com.orangehrm.testcases.PIMEditEmployeeTest -->
