<?xml version="1.0" encoding="UTF-8"?>
<!-- Generated by org.testng.reporters.JUnitReportReporter -->
<testsuite skipped="0" hostname="SVINLP00359" name="com.orangehrm.testcases.LoginTest" tests="1" failures="0" timestamp="16 Oct 2019 09:56:58 GMT" time="1.556" errors="0">
  <testcase name="loginAsAdmin" time="1.556" classname="com.orangehrm.testcases.LoginTest"/>
</testsuite> <!-- com.orangehrm.testcases.LoginTest -->
